<?xml version="1.0" encoding="UTF-8"?>
<!-- Generated by org.testng.reporters.JUnitReportReporter -->
<testsuite hostname="TusharPC" failures="0" tests="1" name="flipkart.Demo" time="20.153" errors="0" timestamp="2021-04-10T23:53:53 IST" skipped="0">
  <testcase classname="flipkart.Demo" name="FlipkartAssignment" time="20.153"/>
  <system-out/>
</testsuite> <!-- flipkart.Demo -->
